# JRE version: OpenJDK Runtime Environment Temurin-17.0.4.1+1 (17.0.4.1+1) (build 17.0.4.1+1)
# Java VM: OpenJDK 64-Bit Server VM Temurin-17.0.4.1+1 (17.0.4.1+1, mixed mode, tiered, compressed oops, compressed class ptrs, g1 gc, windows-amd64)
GC Precious Log:
 CPUs: 8 total, 8 available
 Memory: 3900M
 Large Page Support: Disabled
 NUMA Support: Disabled
 Compressed Oops: Enabled (32-bit)
 Heap Region Size: 1M
 Heap Min Capacity: 8M
 Heap Initial Capacity: 62M
 Heap Max Capacity: 976M
 Pre-touch: Disabled
 Parallel Workers: 8
 Concurrent Workers: 2
 Concurrent Refinement Workers: 8
 Periodic GC: Disabled
Heap:
 garbage-first heap   total 34816K, used 11455K [0x00000000c3000000, 0x0000000100000000)
  region size 1024K, 3 young (3072K), 2 survivors (2048K)
 Metaspace       used 26745K, committed 27008K, reserved 1073152K
  class space    used 2895K, committed 3008K, reserved 1048576K
GC Heap History (10 events):
Event: 11.203 GC heap before
{Heap before GC invocations=0 (full 0):
 garbage-first heap   total 63488K, used 22528K [0x00000000c3000000, 0x0000000100000000)
  region size 1024K, 23 young (23552K), 0 survivors (0K)
 Metaspace       used 16771K, committed 16960K, reserved 1064960K
  class space    used 1687K, committed 1792K, reserved 1048576K
}
Event: 11.268 GC heap after
{Heap after GC invocations=1 (full 0):
 garbage-first heap   total 63488K, used 6224K [0x00000000c3000000, 0x0000000100000000)
  region size 1024K, 3 young (3072K), 3 survivors (3072K)
 Metaspace       used 16771K, committed 16960K, reserved 1064960K
  class space    used 1687K, committed 1792K, reserved 1048576K
}
Event: 12.268 GC heap before
{Heap before GC invocations=1 (full 0):
 garbage-first heap   total 63488K, used 19536K [0x00000000c3000000, 0x0000000100000000)
  region size 1024K, 17 young (17408K), 3 survivors (3072K)
 Metaspace       used 21366K, committed 21504K, reserved 1073152K
  class space    used 2234K, committed 2304K, reserved 1048576K
}
Event: 12.274 GC heap after
{Heap after GC invocations=2 (full 0):
 garbage-first heap   total 63488K, used 7496K [0x00000000c3000000, 0x0000000100000000)
  region size 1024K, 2 young (2048K), 2 survivors (2048K)
 Metaspace       used 21366K, committed 21504K, reserved 1073152K
  class space    used 2234K, committed 2304K, reserved 1048576K
}
Event: 13.474 GC heap before
{Heap before GC invocations=3 (full 0):
 garbage-first heap   total 34816K, used 23880K [0x00000000c3000000, 0x0000000100000000)
  region size 1024K, 19 young (19456K), 2 survivors (2048K)
 Metaspace       used 25377K, committed 25664K, reserved 1073152K
  class space    used 2763K, committed 2880K, reserved 1048576K
}
Event: 13.482 GC heap after
{Heap after GC invocations=4 (full 0):
 garbage-first heap   total 34816K, used 10205K [0x00000000c3000000, 0x0000000100000000)
  region size 1024K, 3 young (3072K), 3 survivors (3072K)
 Metaspace       used 25377K, committed 25664K, reserved 1073152K
  class space    used 2763K, committed 2880K, reserved 1048576K
}
Event: 13.529 GC heap before
{Heap before GC invocations=4 (full 0):
 garbage-first heap   total 34816K, used 11229K [0x00000000c3000000, 0x0000000100000000)
  region size 1024K, 4 young (4096K), 3 survivors (3072K)
 Metaspace       used 25587K, committed 25856K, reserved 1073152K
  class space    used 2775K, committed 2880K, reserved 1048576K
}
Event: 13.535 GC heap after
{Heap after GC invocations=5 (full 0):
 garbage-first heap   total 34816K, used 10866K [0x00000000c3000000, 0x0000000100000000)
  region size 1024K, 1 young (1024K), 1 survivors (1024K)
 Metaspace       used 25587K, committed 25856K, reserved 1073152K
  class space    used 2775K, committed 2880K, reserved 1048576K
}
Event: 14.225 GC heap before
{Heap before GC invocations=5 (full 0):
 garbage-first heap   total 34816K, used 23154K [0x00000000c3000000, 0x0000000100000000)
  region size 1024K, 13 young (13312K), 1 survivors (1024K)
 Metaspace       used 26463K, committed 26752K, reserved 1073152K
  class space    used 2865K, committed 3008K, reserved 1048576K
}
Event: 14.227 GC heap after
{Heap after GC invocations=6 (full 0):
 garbage-first heap   total 34816K, used 11455K [0x00000000c3000000, 0x0000000100000000)
  region size 1024K, 2 young (2048K), 2 survivors (2048K)
 Metaspace       used 26463K, committed 26752K, reserved 1073152K
  class space    used 2865K, committed 3008K, reserved 1048576K
}

