<?xml version="1.0" encoding="UTF-8"?>
<testng-results total="2" passed="2" failed="0" skipped="0">
  <reporter-output>
  </reporter-output>
  <suite started-at="2022-11-04T09:48:49Z" name="Default suite" finished-at="2022-11-04T09:49:48Z" duration-ms="59158">
    <groups>
      <group name="cucumber">
        <method signature="AbstractTestNGCucumberTests.runScenario(io.cucumber.testng.PickleWrapper, io.cucumber.testng.FeatureWrapper)[pri:0, instance:Runner_cs.run_test@457c9034]" name="runScenario" class="io.cucumber.testng.AbstractTestNGCucumberTests"/>
      </group> <!-- cucumber -->
    </groups>
    <test started-at="2022-11-04T09:48:49Z" name="Default test" finished-at="2022-11-04T09:49:48Z" duration-ms="59158">
      <class name="Runner_cs.run_test">
        <test-method is-config="true" signature="setUpClass(org.testng.ITestContext)[pri:0, instance:Runner_cs.run_test@457c9034]" started-at="2022-11-04T15:18:49Z" name="setUpClass" finished-at="2022-11-04T15:18:50Z" duration-ms="514" status="PASS">
          <params>
            <param index="0">
              <value>
                <![CDATA[org.testng.TestRunner@bc042d5]]>
              </value>
            </param>
          </params>
          <reporter-output>
          </reporter-output>
        </test-method> <!-- setUpClass -->
        <test-method signature="runScenario(io.cucumber.testng.PickleWrapper, io.cucumber.testng.FeatureWrapper)[pri:0, instance:Runner_cs.run_test@457c9034]" started-at="2022-11-04T15:18:50Z" name="runScenario" description="Runs Cucumber Scenarios" data-provider="scenarios" finished-at="2022-11-04T15:19:13Z" duration-ms="23148" status="PASS">
          <params>
            <param index="0">
              <value>
                <![CDATA["To Test login functionality with valid data"]]>
              </value>
            </param>
            <param index="1">
              <value>
                <![CDATA["Optional[Testing guru99 login]"]]>
              </value>
            </param>
          </params>
          <reporter-output>
          </reporter-output>
        </test-method> <!-- runScenario -->
        <test-method signature="runScenario(io.cucumber.testng.PickleWrapper, io.cucumber.testng.FeatureWrapper)[pri:0, instance:Runner_cs.run_test@457c9034]" started-at="2022-11-04T15:19:13Z" name="runScenario" description="Runs Cucumber Scenarios" data-provider="scenarios" finished-at="2022-11-04T15:19:43Z" duration-ms="29887" status="PASS">
          <params>
            <param index="0">
              <value>
                <![CDATA["To Test login functionality with valid data"]]>
              </value>
            </param>
            <param index="1">
              <value>
                <![CDATA["Optional[Testing guru99 login]"]]>
              </value>
            </param>
          </params>
          <reporter-output>
          </reporter-output>
        </test-method> <!-- runScenario -->
        <test-method is-config="true" signature="tearDownClass()[pri:0, instance:Runner_cs.run_test@457c9034]" started-at="2022-11-04T15:19:43Z" name="tearDownClass" finished-at="2022-11-04T15:19:48Z" duration-ms="5189" status="PASS">
          <reporter-output>
          </reporter-output>
        </test-method> <!-- tearDownClass -->
      </class> <!-- Runner_cs.run_test -->
    </test> <!-- Default test -->
  </suite> <!-- Default suite -->
</testng-results>
